<?xml version="1.0" encoding="UTF-8"?>
<testsuite xmlns:xsi="http://www.w3.org/2001/XMLSchema-instance" xsi:noNamespaceSchemaLocation="https://maven.apache.org/surefire/maven-surefire-plugin/xsd/surefire-test-report-3.0.xsd" version="3.0" name="MoveHandlerTest" time="0.014" tests="10" errors="0" skipped="0" failures="0">
  <properties>
[...]
</properties>
  <testcase name="validMoveUp" classname="MoveHandlerTest" time="0.004"/>
  <testcase name="movementOutOfBoundsBlocked" classname="MoveHandlerTest" time="0.001"/>
  <testcase name="validMoveDown" classname="MoveHandlerTest" time="0.001"/>
  <testcase name="validMoveLeft" classname="MoveHandlerTest" time="0.001"/>
  <testcase name="diagonalNegativeMovementRejected" classname="MoveHandlerTest" time="0.001"/>
  <testcase name="validMoveRight" classname="MoveHandlerTest" time="0.001"/>
  <testcase name="multiStepMovementRejected" classname="MoveHandlerTest" time="0.0"/>
  <testcase name="movementIntoBrickWallBlocked" classname="MoveHandlerTest" time="0.0"/>
  <testcase name="movementIntoStoneWallBlocked" classname="MoveHandlerTest" time="0.0"/>
  <testcase name="diagonalMovementRejected" classname="MoveHandlerTest" time="0.0"/>
</testsuite>